2024-12-08 02:39:50,844 - INFO - Iniciando servicio de salida repentina..
2024-12-08 02:39:50,846 - INFO - Conectado al bus
2024-12-08 02:39:50,846 - INFO - Mensaje de registro: 00010sinitsalir
2024-12-08 02:39:50,846 - INFO - Respuesta ceribida: sinitOKsalir
2024-12-08 02:39:50,846 - INFO - Servicio registrado con prefijo: salir
2024-12-08 02:52:24,332 - INFO - Mensaje recibido: 00025salir {'usuario_id': None}
2024-12-08 02:52:24,333 - INFO - mensaje enviado: 00017progr{"id": null}
2024-12-08 02:52:24,344 - INFO - Mensaje recibido: 00042progr OK {'message': 'Error en el servidor'}
2024-12-08 02:52:24,344 - ERROR - Error al obtener el nivel
2024-12-08 02:52:24,344 - INFO - mensaje enviado: 00045salir{"message": "Error al obtener el nivel"}
2024-12-08 03:00:31,499 - INFO - Mensaje recibido: 00025salir {'usuario_id': None}
2024-12-08 03:00:31,503 - INFO - mensaje enviado: 00017progr{"id": null}
2024-12-08 03:00:31,517 - INFO - Mensaje recibido: 00042progr OK {'message': 'Error en el servidor'}
2024-12-08 03:00:31,518 - ERROR - Error al obtener el nivel
2024-12-08 03:00:31,518 - INFO - mensaje enviado: 00045salir{"message": "Error al obtener el nivel"}
2024-12-08 03:13:57,583 - INFO - Iniciando servicio de salida repentina..
2024-12-08 03:13:57,583 - INFO - Conectado al bus
2024-12-08 03:13:57,583 - INFO - Mensaje de registro: 00010sinitsalir
2024-12-08 03:13:57,584 - INFO - Respuesta ceribida: sinitOKsalir
2024-12-08 03:13:57,584 - INFO - Servicio registrado con prefijo: salir
2024-12-08 03:41:31,953 - INFO - Mensaje recibido: 00022salir {'usuario_id': 1}
2024-12-08 03:41:31,953 - INFO - mensaje enviado: 00017progr{"id": null}
2024-12-08 03:41:31,963 - INFO - Mensaje recibido: 00042progr OK {'message': 'Error en el servidor'}
2024-12-08 03:41:31,963 - ERROR - Error al obtener el nivel
2024-12-08 03:41:31,963 - INFO - mensaje enviado: 00045salir{"message": "Error al obtener el nivel"}
2024-12-08 03:47:23,053 - INFO - Iniciando servicio de salida repentina..
2024-12-08 03:47:23,054 - INFO - Conectado al bus
2024-12-08 03:47:23,054 - INFO - Mensaje de registro: 00010sinitsalir
2024-12-08 03:47:23,054 - INFO - Respuesta ceribida: sinitOKsalir
2024-12-08 03:47:23,054 - INFO - Servicio registrado con prefijo: salir
2024-12-08 03:50:32,858 - INFO - Mensaje recibido: 00022salir {'usuario_id': 1}
2024-12-08 03:50:32,858 - INFO - mensaje enviado: 00017progr{"id": null}
2024-12-08 03:50:32,868 - INFO - Mensaje recibido: 00042progr OK {'message': 'Error en el servidor'}
2024-12-08 03:50:32,868 - ERROR - Error al obtener el nivel
2024-12-08 03:50:32,868 - INFO - mensaje enviado: 00045salir{"message": "Error al obtener el nivel"}
2024-12-08 03:55:17,264 - INFO - Iniciando servicio de salida repentina..
2024-12-08 03:55:17,265 - INFO - Conectado al bus
2024-12-08 03:55:17,265 - INFO - Mensaje de registro: 00010sinitsalir
2024-12-08 03:55:17,265 - INFO - Respuesta ceribida: sinitOKsalir
2024-12-08 03:55:17,265 - INFO - Servicio registrado con prefijo: salir
2024-12-08 03:55:38,875 - INFO - Mensaje recibido: 00022salir {'usuario_id': 1}
2024-12-08 03:55:38,875 - INFO - mensaje enviado: 00014progr{"id": 1}
2024-12-08 03:55:38,888 - INFO - Mensaje recibido: 00049progr OK {'nivel_actual': 'Nivel 1', 'id_nivel': 1}
2024-12-08 03:55:38,888 - INFO - mensaje enviado: 00037savee{"id_usuario": 1, "id_nivel": 1}
2024-12-08 03:55:38,888 - INFO - Mensaje recibido: 00039savee NK {'id_usuario': 1, 'id_nivel': 1}
2024-12-08 03:55:38,888 - ERROR - Error al guardar
2024-12-08 03:55:38,888 - INFO - mensaje enviado: 00036salir{"message": "Error al guardar"}
2024-12-08 04:00:48,508 - INFO - Mensaje recibido: 00022salir {'usuario_id': 1}
2024-12-08 04:00:48,508 - INFO - mensaje enviado: 00014progr{"id": 1}
2024-12-08 04:00:48,517 - INFO - Mensaje recibido: 00049progr OK {'nivel_actual': 'Nivel 1', 'id_nivel': 1}
2024-12-08 04:00:48,518 - INFO - mensaje enviado: 00037savee{"id_usuario": 1, "id_nivel": 1}
2024-12-08 04:00:48,518 - INFO - Mensaje recibido: 00039savee NK {'id_usuario': 1, 'id_nivel': 1}
2024-12-08 04:00:48,518 - ERROR - Error al guardar
2024-12-08 04:00:48,518 - INFO - mensaje enviado: 00036salir{"message": "Error al guardar"}
2024-12-08 04:03:56,461 - INFO - Mensaje recibido: 00022salir {'usuario_id': 1}
2024-12-08 04:03:56,461 - INFO - mensaje enviado: 00014progr{"id": 1}
2024-12-08 04:03:56,471 - INFO - Mensaje recibido: 00049progr OK {'nivel_actual': 'Nivel 1', 'id_nivel': 1}
2024-12-08 04:03:56,471 - INFO - mensaje enviado: 00037savee{"id_usuario": 1, "id_nivel": 1}
2024-12-08 04:03:56,495 - INFO - Mensaje recibido: 00080savee OK {'message': 'Modificación exitosa', 'data': {'consulta exitosa': 1}}
2024-12-08 04:03:56,495 - INFO - Guardado exitoso
2024-12-08 04:03:56,495 - INFO - mensaje enviado: 00036salir{"message": "Guardado exitoso"}
